<html>
<head>
<title>TestNG:  Test1</title>
<link href="../testng.css" rel="stylesheet" type="text/css" />
<link href="../my-testng.css" rel="stylesheet" type="text/css" />

<style type="text/css">
.log { display: none;} 
.stack-trace { display: none;} 
</style>
<script type="text/javascript">
<!--
function flip(e) {
  current = e.style.display;
  if (current == 'block') {
    e.style.display = 'none';
    return 0;
  }
  else {
    e.style.display = 'block';
    return 1;
  }
}

function toggleBox(szDivId, elem, msg1, msg2)
{
  var res = -1;  if (document.getElementById) {
    res = flip(document.getElementById(szDivId));
  }
  else if (document.all) {
    // this is the way old msie versions work
    res = flip(document.all[szDivId]);
  }
  if(elem) {
    if(res == 0) elem.innerHTML = msg1; else elem.innerHTML = msg2;
  }

}

function toggleAllBoxes() {
  if (document.getElementsByTagName) {
    d = document.getElementsByTagName('div');
    for (i = 0; i < d.length; i++) {
      if (d[i].className == 'log') {
        flip(d[i]);
      }
    }
  }
}

// -->
</script>

</head>
<body>
<h2 align='center'>Test1</h2><table border='1' align="center">
<tr>
<td>Tests passed/Failed/Skipped:</td><td>0/1/2</td>
</tr><tr>
<td>Started on:</td><td>Tue Mar 12 14:52:52 IST 2019</td>
</tr>
<tr><td>Total time:</td><td>9 seconds (9212 ms)</td>
</tr><tr>
<td>Included groups:</td><td></td>
</tr><tr>
<td>Excluded groups:</td><td></td>
</tr>
</table><p/>
<small><i>(Hover the method name to see the test class name)</i></small><p/>
<table width='100%' border='1' class='invocation-failed'>
<tr><td colspan='4' align='center'><b>FAILED CONFIGURATIONS</b></td></tr>
<tr><td><b>Test method</b></td>
<td width="30%"><b>Exception</b></td>
<td width="10%"><b>Time (seconds)</b></td>
<td><b>Instance</b></td>
</tr>
<tr>
<td title='testCases.Registration_TestNG_TC.afterMethod()'><b>afterMethod</b><br>Test class: testCases.Registration_TestNG_TC<br>Parameters: [TestResult name=registration status=FAILURE method=Registration_TestNG_TC.registration(java.lang.String, java.lang.String)[pri:0, instance:testCases.Registration_TestNG_TC@3532ec19] output={null}]</td>
<td><div><pre>java.lang.NullPointerException
	at utility.HTMLReport.writeTestCaseSummaryReport(HTMLReport.java:83)
	at testCases.Registration_TestNG_TC.afterMethod(Registration_TestNG_TC.java:146)
... Removed 26 stack frames</pre></div><a href='#' onClick='toggleBox("stack-trace1027495011", this, "Click to show all stack frames", "Click to hide stack frames")'>Click to show all stack frames</a>
<div class='stack-trace' id='stack-trace1027495011'><pre>java.lang.NullPointerException
	at utility.HTMLReport.writeTestCaseSummaryReport(HTMLReport.java:83)
	at testCases.Registration_TestNG_TC.afterMethod(Registration_TestNG_TC.java:146)
	at sun.reflect.NativeMethodAccessorImpl.invoke0(Native Method)
	at sun.reflect.NativeMethodAccessorImpl.invoke(NativeMethodAccessorImpl.java:62)
	at sun.reflect.DelegatingMethodAccessorImpl.invoke(DelegatingMethodAccessorImpl.java:43)
	at java.lang.reflect.Method.invoke(Method.java:498)
	at org.testng.internal.MethodInvocationHelper.invokeMethod(MethodInvocationHelper.java:85)
	at org.testng.internal.Invoker.invokeConfigurationMethod(Invoker.java:510)
	at org.testng.internal.Invoker.invokeConfigurations(Invoker.java:211)
	at org.testng.internal.Invoker.invokeMethod(Invoker.java:703)
	at org.testng.internal.Invoker.invokeTestMethod(Invoker.java:816)
	at org.testng.internal.Invoker.invokeTestMethods(Invoker.java:1124)
	at org.testng.internal.TestMethodWorker.invokeTestMethods(TestMethodWorker.java:125)
	at org.testng.internal.TestMethodWorker.run(TestMethodWorker.java:108)
	at org.testng.TestRunner.privateRun(TestRunner.java:774)
	at org.testng.TestRunner.run(TestRunner.java:624)
	at org.testng.SuiteRunner.runTest(SuiteRunner.java:359)
	at org.testng.SuiteRunner.runSequentially(SuiteRunner.java:354)
	at org.testng.SuiteRunner.privateRun(SuiteRunner.java:312)
	at org.testng.SuiteRunner.run(SuiteRunner.java:261)
	at org.testng.SuiteRunnerWorker.runSuite(SuiteRunnerWorker.java:52)
	at org.testng.SuiteRunnerWorker.run(SuiteRunnerWorker.java:86)
	at org.testng.TestNG.runSuitesSequentially(TestNG.java:1215)
	at org.testng.TestNG.runSuitesLocally(TestNG.java:1140)
	at org.testng.TestNG.run(TestNG.java:1048)
	at org.testng.remote.AbstractRemoteTestNG.run(AbstractRemoteTestNG.java:114)
	at org.testng.remote.RemoteTestNG.initAndRun(RemoteTestNG.java:251)
	at org.testng.remote.RemoteTestNG.main(RemoteTestNG.java:77)
</pre></div></td>
<td>0</td>
<td>testCases.Registration_TestNG_TC@3532ec19</td></tr>
</table><p>
<table width='100%' border='1' class='invocation-skipped'>
<tr><td colspan='4' align='center'><b>SKIPPED CONFIGURATIONS</b></td></tr>
<tr><td><b>Test method</b></td>
<td width="30%"><b>Exception</b></td>
<td width="10%"><b>Time (seconds)</b></td>
<td><b>Instance</b></td>
</tr>
<tr>
<td title='testCases.Registration_TestNG_TC.beforeMethod()'><b>beforeMethod</b><br>Test class: testCases.Registration_TestNG_TC</td>
<td></td>
<td>0</td>
<td>testCases.Registration_TestNG_TC@3532ec19</td></tr>
<tr>
<td title='testCases.Registration_TestNG_TC.beforeMethod()'><b>beforeMethod</b><br>Test class: testCases.Registration_TestNG_TC</td>
<td></td>
<td>0</td>
<td>testCases.Registration_TestNG_TC@3532ec19</td></tr>
<tr>
<td title='testCases.Registration_TestNG_TC.afterMethod()'><b>afterMethod</b><br>Test class: testCases.Registration_TestNG_TC</td>
<td></td>
<td>0</td>
<td>testCases.Registration_TestNG_TC@3532ec19</td></tr>
<tr>
<td title='testCases.Registration_TestNG_TC.afterMethod()'><b>afterMethod</b><br>Test class: testCases.Registration_TestNG_TC</td>
<td></td>
<td>0</td>
<td>testCases.Registration_TestNG_TC@3532ec19</td></tr>
<tr>
<td title='testCases.Registration_TestNG_TC.afterTest()'><b>afterTest</b><br>Test class: testCases.Registration_TestNG_TC</td>
<td></td>
<td>0</td>
<td>null</td></tr>
</table><p>
<table width='100%' border='1' class='invocation-failed'>
<tr><td colspan='4' align='center'><b>FAILED TESTS</b></td></tr>
<tr><td><b>Test method</b></td>
<td width="30%"><b>Exception</b></td>
<td width="10%"><b>Time (seconds)</b></td>
<td><b>Instance</b></td>
</tr>
<tr>
<td title='testCases.Registration_TestNG_TC.registration()'><b>registration</b><br>Test class: testCases.Registration_TestNG_TC<br>Parameters: TC_001, To Verify Registration functionality with valid first name and last name</td>
<td><div><pre>java.io.FileNotFoundException: D:\Ajay\Ajay\Selenium\FrameWorkExerciseOne\TestResults\NewResults\TC_001\TC_001.html (The system cannot find the path specified)
	at java.io.FileOutputStream.open0(Native Method)
	at java.io.FileOutputStream.open(FileOutputStream.java:270)
	at java.io.FileOutputStream.&lt;init&gt;(FileOutputStream.java:213)
	at java.io.FileOutputStream.&lt;init&gt;(FileOutputStream.java:162)
	at java.io.FileWriter.&lt;init&gt;(FileWriter.java:90)
	at utility.HTMLReport.setTestCaseSummaryHTML(HTMLReport.java:75)
	at testCases.Registration_TestNG_TC.registration(Registration_TestNG_TC.java:56)
... Removed 24 stack frames</pre></div><a href='#' onClick='toggleBox("stack-trace2142852357", this, "Click to show all stack frames", "Click to hide stack frames")'>Click to show all stack frames</a>
<div class='stack-trace' id='stack-trace2142852357'><pre>java.io.FileNotFoundException: D:\Ajay\Ajay\Selenium\FrameWorkExerciseOne\TestResults\NewResults\TC_001\TC_001.html (The system cannot find the path specified)
	at java.io.FileOutputStream.open0(Native Method)
	at java.io.FileOutputStream.open(FileOutputStream.java:270)
	at java.io.FileOutputStream.&lt;init&gt;(FileOutputStream.java:213)
	at java.io.FileOutputStream.&lt;init&gt;(FileOutputStream.java:162)
	at java.io.FileWriter.&lt;init&gt;(FileWriter.java:90)
	at utility.HTMLReport.setTestCaseSummaryHTML(HTMLReport.java:75)
	at testCases.Registration_TestNG_TC.registration(Registration_TestNG_TC.java:56)
	at sun.reflect.NativeMethodAccessorImpl.invoke0(Native Method)
	at sun.reflect.NativeMethodAccessorImpl.invoke(NativeMethodAccessorImpl.java:62)
	at sun.reflect.DelegatingMethodAccessorImpl.invoke(DelegatingMethodAccessorImpl.java:43)
	at java.lang.reflect.Method.invoke(Method.java:498)
	at org.testng.internal.MethodInvocationHelper.invokeMethod(MethodInvocationHelper.java:85)
	at org.testng.internal.Invoker.invokeMethod(Invoker.java:639)
	at org.testng.internal.Invoker.invokeTestMethod(Invoker.java:816)
	at org.testng.internal.Invoker.invokeTestMethods(Invoker.java:1124)
	at org.testng.internal.TestMethodWorker.invokeTestMethods(TestMethodWorker.java:125)
	at org.testng.internal.TestMethodWorker.run(TestMethodWorker.java:108)
	at org.testng.TestRunner.privateRun(TestRunner.java:774)
	at org.testng.TestRunner.run(TestRunner.java:624)
	at org.testng.SuiteRunner.runTest(SuiteRunner.java:359)
	at org.testng.SuiteRunner.runSequentially(SuiteRunner.java:354)
	at org.testng.SuiteRunner.privateRun(SuiteRunner.java:312)
	at org.testng.SuiteRunner.run(SuiteRunner.java:261)
	at org.testng.SuiteRunnerWorker.runSuite(SuiteRunnerWorker.java:52)
	at org.testng.SuiteRunnerWorker.run(SuiteRunnerWorker.java:86)
	at org.testng.TestNG.runSuitesSequentially(TestNG.java:1215)
	at org.testng.TestNG.runSuitesLocally(TestNG.java:1140)
	at org.testng.TestNG.run(TestNG.java:1048)
	at org.testng.remote.AbstractRemoteTestNG.run(AbstractRemoteTestNG.java:114)
	at org.testng.remote.RemoteTestNG.initAndRun(RemoteTestNG.java:251)
	at org.testng.remote.RemoteTestNG.main(RemoteTestNG.java:77)
</pre></div></td>
<td>0</td>
<td>testCases.Registration_TestNG_TC@3532ec19</td></tr>
</table><p>
<table width='100%' border='1' class='invocation-skipped'>
<tr><td colspan='4' align='center'><b>SKIPPED TESTS</b></td></tr>
<tr><td><b>Test method</b></td>
<td width="30%"><b>Exception</b></td>
<td width="10%"><b>Time (seconds)</b></td>
<td><b>Instance</b></td>
</tr>
<tr>
<td title='testCases.Registration_TestNG_TC.registration()'><b>registration</b><br>Test class: testCases.Registration_TestNG_TC<br>Parameters: TC_002, To Verify Registration functionality with valid first name and invalid last name</td>
<td></td>
<td>0</td>
<td>testCases.Registration_TestNG_TC@3532ec19</td></tr>
<tr>
<td title='testCases.Registration_TestNG_TC.registration()'><b>registration</b><br>Test class: testCases.Registration_TestNG_TC<br>Parameters: TC_003, To Verify Registration functionality with invalid first name and valid last name</td>
<td></td>
<td>0</td>
<td>testCases.Registration_TestNG_TC@3532ec19</td></tr>
</table><p>
</body>
</html>